\BOOKMARK [0][]{Contents.0}{\376\377\000T\000a\000b\000l\000e\000\040\000o\000f\000\040\000c\000o\000n\000t\000e\000n\000t\000s}{}% 1
\BOOKMARK [0][]{chapter*.5}{\376\377\000L\000i\000s\000t\000\040\000o\000f\000\040\000f\000i\000g\000u\000r\000e\000s}{}% 2
\BOOKMARK [0][]{chapter*.6}{\376\377\000L\000i\000s\000t\000\040\000o\000f\000\040\000t\000a\000b\000l\000e\000s}{}% 3
\BOOKMARK [0][]{chapter.1}{\376\377\0001\000\040\000C\000o\000n\000d\000i\000t\000i\000o\000n\000a\000l\000\040\000I\000m\000a\000g\000e\000\040\000G\000e\000n\000e\000r\000a\000t\000i\000o\000n\000\040\000w\000i\000t\000h\000\040\000S\000c\000o\000r\000e\000-\000B\000a\000s\000e\000d\000\040\000D\000i\000f\000f\000u\000s\000i\000o\000n\000\040\000M\000o\000d\000e\000l\000s}{}% 4
\BOOKMARK [1][]{section.1.1}{\376\377\0001\000.\0001\000\040\000I\000n\000t\000r\000o\000d\000u\000c\000t\000i\000o\000n}{chapter.1}% 5
\BOOKMARK [1][]{section.1.2}{\376\377\0001\000.\0002\000\040\000N\000o\000t\000a\000t\000i\000o\000n}{chapter.1}% 6
\BOOKMARK [1][]{section.1.3}{\376\377\0001\000.\0003\000\040\000M\000e\000t\000h\000o\000d\000s}{chapter.1}% 7
\BOOKMARK [2][]{subsection.1.3.1}{\376\377\0001\000.\0003\000.\0001\000\040\000B\000a\000c\000k\000g\000r\000o\000u\000n\000d\000:\000\040\000S\000c\000o\000r\000e\000\040\000m\000a\000t\000c\000h\000i\000n\000g\000\040\000t\000h\000r\000o\000u\000g\000h\000\040\000S\000t\000o\000c\000h\000a\000s\000t\000i\000c\000\040\000D\000i\000f\000f\000e\000r\000e\000n\000t\000i\000a\000l\000\040\000E\000q\000u\000a\000t\000i\000o\000n\000s}{section.1.3}% 8
\BOOKMARK [2][]{subsection.1.3.2}{\376\377\0001\000.\0003\000.\0002\000\040\000C\000o\000n\000d\000i\000t\000i\000o\000n\000a\000l\000\040\000g\000e\000n\000e\000r\000a\000t\000i\000o\000n}{section.1.3}% 9
\BOOKMARK [1][]{section.1.4}{\376\377\0001\000.\0004\000\040\000E\000x\000p\000e\000r\000i\000m\000e\000n\000t\000s}{chapter.1}% 10
\BOOKMARK [2][]{subsection.1.4.1}{\376\377\0001\000.\0004\000.\0001\000\040\000I\000n\000p\000a\000i\000n\000t\000i\000n\000g}{section.1.4}% 11
\BOOKMARK [2][]{subsection.1.4.2}{\376\377\0001\000.\0004\000.\0002\000\040\000S\000u\000p\000e\000r\000-\000r\000e\000s\000o\000l\000u\000t\000i\000o\000n}{section.1.4}% 12
\BOOKMARK [2][]{subsection.1.4.3}{\376\377\0001\000.\0004\000.\0003\000\040\000E\000d\000g\000e\000\040\000t\000o\000\040\000i\000m\000a\000g\000e\000\040\000t\000r\000a\000n\000s\000l\000a\000t\000i\000o\000n}{section.1.4}% 13
\BOOKMARK [1][]{section.1.5}{\376\377\0001\000.\0005\000\040\000C\000o\000m\000p\000a\000r\000i\000s\000o\000n\000\040\000w\000i\000t\000h\000\040\000s\000t\000a\000t\000e\000-\000o\000f\000-\000t\000h\000e\000-\000a\000r\000t}{chapter.1}% 14
\BOOKMARK [1][]{section.1.6}{\376\377\0001\000.\0006\000\040\000C\000o\000n\000c\000l\000u\000s\000i\000o\000n\000s\000\040\000a\000n\000d\000\040\000f\000u\000t\000u\000r\000e\000\040\000w\000o\000r\000k}{chapter.1}% 15
\BOOKMARK [1][]{section.1.7}{\376\377\0001\000.\0007\000\040\000A\000c\000k\000n\000o\000w\000l\000e\000d\000g\000e\000m\000e\000n\000t\000s}{chapter.1}% 16
\BOOKMARK [0][]{chapter*.19}{\376\377\000R\000e\000f\000e\000r\000e\000n\000c\000e\000s}{}% 17
\BOOKMARK [0][]{appendix.a.A}{\376\377\000A\000p\000p\000e\000n\000d\000i\000x\000\040\000A\000\040\000C\000o\000n\000d\000i\000t\000i\000o\000n\000a\000l\000\040\000I\000m\000a\000g\000e\000\040\000G\000e\000n\000e\000r\000a\000t\000i\000o\000n\000\040\000w\000i\000t\000h\000\040\000S\000c\000o\000r\000e\000-\000B\000a\000s\000e\000d\000\040\000D\000i\000f\000f\000u\000s\000i\000o\000n\000\040\000M\000o\000d\000e\000l\000s}{}% 18
\BOOKMARK [1][]{section.a.A.1}{\376\377\000A\000.\0001\000\040\000P\000r\000o\000o\000f\000s}{appendix.a.A}% 19
\BOOKMARK [2][]{subsection.a.A.1.1}{\376\377\000A\000.\0001\000.\0001\000\040\000E\000q\000u\000a\000l\000i\000t\000y\000\040\000o\000f\000\040\000m\000i\000n\000i\000m\000i\000z\000e\000r\000s\000\040\000f\000o\000r\000\040\000C\000D\000E}{section.a.A.1}% 20
\BOOKMARK [2][]{subsection.a.A.1.2}{\376\377\000A\000.\0001\000.\0002\000\040\000C\000o\000n\000s\000i\000s\000t\000e\000n\000c\000y\000\040\000o\000f\000\040\000C\000D\000E}{section.a.A.1}% 21
\BOOKMARK [2][]{subsection.a.A.1.3}{\376\377\000A\000.\0001\000.\0003\000\040\000L\000i\000k\000e\000l\000i\000h\000o\000o\000d\000\040\000w\000e\000i\000g\000h\000t\000i\000n\000g\000\040\000f\000o\000r\000\040\000m\000u\000l\000t\000i\000-\000s\000p\000e\000e\000d\000\040\000a\000n\000d\000\040\000m\000u\000l\000t\000i\000-\000s\000d\000e\000\040\000m\000o\000d\000e\000l\000s}{section.a.A.1}% 22
\BOOKMARK [2][]{subsection.a.A.1.4}{\376\377\000A\000.\0001\000.\0004\000\040\000M\000e\000a\000n\000\040\000s\000q\000u\000a\000r\000e\000\040\000a\000p\000p\000r\000o\000x\000i\000m\000a\000t\000i\000o\000n\000\040\000e\000r\000r\000o\000r}{section.a.A.1}% 23
\BOOKMARK [2][]{subsection.a.A.1.5}{\376\377\000A\000.\0001\000.\0005\000\040\000A\000r\000c\000h\000i\000t\000e\000c\000t\000u\000r\000e\000s\000\040\000a\000n\000d\000\040\000h\000y\000p\000e\000r\000p\000a\000r\000a\000m\000e\000t\000e\000r\000s}{section.a.A.1}% 24
